<?xml version="1.0" encoding="UTF-8"?>
<beans xmlns="http://www.springframework.org/schema/beans"
       xmlns:xsi="http://www.w3.org/2001/XMLSchema-instance"
       xsi:schemaLocation="http://www.springframework.org/schema/beans http://www.springframework.org/schema/beans/spring-beans.xsd">

    <bean id="inheritanceProperties" class="kr.pe.kwonnam.properties.InheritablePropertiesFactoryBean">
        <property name="location" value="classpath:/kr/pe/kwonnam/properties/grand-child-properties.xml" />
    </bean>
</beans>